<?xml version="1.0" encoding="UTF-8"?>
<testng-results skipped="0" failed="0" ignored="0" total="2" passed="2">
  <reporter-output>
  </reporter-output>
  <suite name="example suite 1" duration-ms="20" started-at="2021-11-01T07:29:35Z" finished-at="2021-11-01T07:29:35Z">
    <groups>
    </groups>
    <test name="This is just name can be anything" duration-ms="20" started-at="2021-11-01T07:29:35Z" finished-at="2021-11-01T07:29:35Z">
      <class name="test1.Class1">
        <test-method status="PASS" signature="firsttest()[pri:0, instance:test1.Class1@60f82f98]" name="firsttest" duration-ms="5" started-at="2021-11-01T07:29:35Z" finished-at="2021-11-01T07:29:35Z">
          <reporter-output>
          </reporter-output>
        </test-method> <!-- firsttest -->
      </class> <!-- test1.Class1 -->
      <class name="test1.Class2">
        <test-method status="PASS" signature="secondest()[pri:0, instance:test1.Class2@edf4efb]" name="secondest" duration-ms="0" started-at="2021-11-01T07:29:35Z" finished-at="2021-11-01T07:29:35Z">
          <reporter-output>
          </reporter-output>
        </test-method> <!-- secondest -->
      </class> <!-- test1.Class2 -->
    </test> <!-- This is just name can be anything -->
  </suite> <!-- example suite 1 -->
</testng-results>
